<?xml version="1.0" ?>
<!DOCTYPE coverage SYSTEM "http://cobertura.sourceforge.net/xml/coverage-04.dtd">
<coverage lines-valid="127" lines-covered="124" line-rate="0.9763" branches-valid="102" branches-covered="56" branch-rate="0.5489999999999999" timestamp="1679886304080" complexity="0" version="0.1">
  <sources>
    <source>/Users/james/Documents/code/GPXParser.js</source>
  </sources>
  <packages>
    <package name="main" line-rate="0.9763" branch-rate="0.5489999999999999">
      <classes>
        <class name="index.ts" filename="src/index.ts" line-rate="0.9763" branch-rate="0.5489999999999999">
          <methods>
            <method name="(anonymous_0)" hits="2" signature="()V">
              <lines>
                <line number="119" hits="2"/>
              </lines>
            </method>
            <method name="(anonymous_1)" hits="2" signature="()V">
              <lines>
                <line number="141" hits="2"/>
              </lines>
            </method>
            <method name="(anonymous_2)" hits="2" signature="()V">
              <lines>
                <line number="274" hits="2"/>
              </lines>
            </method>
            <method name="(anonymous_3)" hits="2" signature="()V">
              <lines>
                <line number="322" hits="2"/>
              </lines>
            </method>
            <method name="(anonymous_4)" hits="1709" signature="()V">
              <lines>
                <line number="373" hits="1709"/>
              </lines>
            </method>
            <method name="(anonymous_5)" hits="6" signature="()V">
              <lines>
                <line number="394" hits="6"/>
              </lines>
            </method>
            <method name="(anonymous_6)" hits="4" signature="()V">
              <lines>
                <line number="418" hits="4"/>
              </lines>
            </method>
            <method name="(anonymous_7)" hits="816" signature="()V">
              <lines>
                <line number="438" hits="816"/>
              </lines>
            </method>
            <method name="(anonymous_8)" hits="4" signature="()V">
              <lines>
                <line number="458" hits="4"/>
              </lines>
            </method>
            <method name="(anonymous_9)" hits="4" signature="()V">
              <lines>
                <line number="507" hits="4"/>
              </lines>
            </method>
            <method name="(anonymous_10)" hits="1" signature="()V">
              <lines>
                <line number="528" hits="1"/>
              </lines>
            </method>
          </methods>
          <lines>
            <line number="1" hits="1" branch="false"/>
            <line number="119" hits="1" branch="false"/>
            <line number="120" hits="2" branch="true" condition-coverage="50% (2/4)"/>
            <line number="121" hits="0" branch="false"/>
            <line number="123" hits="2" branch="false"/>
            <line number="127" hits="1" branch="false"/>
            <line number="130" hits="2" branch="false"/>
            <line number="131" hits="2" branch="false"/>
            <line number="132" hits="2" branch="false"/>
            <line number="142" hits="2" branch="false"/>
            <line number="144" hits="2" branch="false"/>
            <line number="148" hits="2" branch="false"/>
            <line number="149" hits="2" branch="false"/>
            <line number="150" hits="4" branch="true" condition-coverage="50% (1/2)"/>
            <line number="151" hits="4" branch="false"/>
            <line number="153" hits="4" branch="false"/>
            <line number="164" hits="4" branch="false"/>
            <line number="167" hits="2" branch="false"/>
            <line number="168" hits="2" branch="false"/>
            <line number="169" hits="2" branch="false"/>
            <line number="171" hits="2" branch="false"/>
            <line number="172" hits="2" branch="true" condition-coverage="50% (1/2)"/>
            <line number="184" hits="2" branch="false"/>
            <line number="185" hits="2" branch="false"/>
            <line number="187" hits="2" branch="false"/>
            <line number="188" hits="410" branch="false"/>
            <line number="191" hits="410" branch="false"/>
            <line number="193" hits="410" branch="false"/>
            <line number="200" hits="410" branch="false"/>
            <line number="203" hits="2" branch="false"/>
            <line number="205" hits="2" branch="false"/>
            <line number="219" hits="2" branch="false"/>
            <line number="222" hits="2" branch="false"/>
            <line number="224" hits="2" branch="false"/>
            <line number="225" hits="2" branch="false"/>
            <line number="226" hits="2" branch="false"/>
            <line number="228" hits="2" branch="false"/>
            <line number="229" hits="2" branch="false"/>
            <line number="230" hits="2" branch="false"/>
            <line number="231" hits="410" branch="false"/>
            <line number="234" hits="410" branch="false"/>
            <line number="235" hits="410" branch="false"/>
            <line number="242" hits="410" branch="false"/>
            <line number="245" hits="2" branch="false"/>
            <line number="247" hits="2" branch="false"/>
            <line number="270" hits="2" branch="false"/>
            <line number="275" hits="2" branch="true" condition-coverage="0% (0/1)"/>
            <line number="276" hits="0" branch="false"/>
            <line number="300" hits="2" branch="false"/>
            <line number="301" hits="2" branch="true" condition-coverage="50% (1/2)"/>
            <line number="313" hits="2" branch="false"/>
            <line number="323" hits="2" branch="true" condition-coverage="0% (0/1)"/>
            <line number="324" hits="0" branch="false"/>
            <line number="338" hits="2" branch="false"/>
            <line number="339" hits="2" branch="false"/>
            <line number="340" hits="2" branch="false"/>
            <line number="374" hits="1709" branch="false"/>
            <line number="375" hits="1709" branch="true" condition-coverage="100% (1/1)"/>
            <line number="376" hits="1706" branch="true" condition-coverage="50% (1/2)"/>
            <line number="383" hits="3" branch="false"/>
            <line number="395" hits="6" branch="false"/>
            <line number="396" hits="6" branch="false"/>
            <line number="398" hits="6" branch="true" condition-coverage="100% (1/1)"/>
            <line number="399" hits="4" branch="false"/>
            <line number="401" hits="4" branch="false"/>
            <line number="402" hits="440" branch="true" condition-coverage="100% (3/3)"/>
            <line number="403" hits="4" branch="false"/>
            <line number="408" hits="6" branch="false"/>
            <line number="419" hits="4" branch="false"/>
            <line number="420" hits="4" branch="false"/>
            <line number="421" hits="4" branch="false"/>
            <line number="422" hits="816" branch="false"/>
            <line number="423" hits="816" branch="false"/>
            <line number="425" hits="4" branch="false"/>
            <line number="427" hits="4" branch="false"/>
            <line number="439" hits="816" branch="false"/>
            <line number="440" hits="816" branch="false"/>
            <line number="441" hits="816" branch="false"/>
            <line number="442" hits="816" branch="false"/>
            <line number="443" hits="816" branch="false"/>
            <line number="445" hits="816" branch="false"/>
            <line number="446" hits="816" branch="false"/>
            <line number="447" hits="816" branch="false"/>
            <line number="459" hits="4" branch="false"/>
            <line number="460" hits="4" branch="false"/>
            <line number="462" hits="4" branch="false"/>
            <line number="463" hits="816" branch="true" condition-coverage="50% (1/2)"/>
            <line number="464" hits="816" branch="true" condition-coverage="50% (1/2)"/>
            <line number="466" hits="816" branch="true" condition-coverage="100% (3/3)"/>
            <line number="467" hits="816" branch="false"/>
            <line number="469" hits="816" branch="true" condition-coverage="100% (2/2)"/>
            <line number="470" hits="368" branch="false"/>
            <line number="471" hits="448" branch="true" condition-coverage="100% (1/1)"/>
            <line number="472" hits="432" branch="false"/>
            <line number="477" hits="4" branch="false"/>
            <line number="478" hits="4" branch="false"/>
            <line number="480" hits="4" branch="false"/>
            <line number="481" hits="820" branch="false"/>
            <line number="483" hits="820" branch="true" condition-coverage="100% (1/1)"/>
            <line number="484" hits="820" branch="true" condition-coverage="50% (1/2)"/>
            <line number="485" hits="820" branch="false"/>
            <line number="486" hits="820" branch="false"/>
            <line number="490" hits="4" branch="false"/>
            <line number="508" hits="4" branch="false"/>
            <line number="510" hits="4" branch="false"/>
            <line number="511" hits="816" branch="false"/>
            <line number="512" hits="816" branch="false"/>
            <line number="513" hits="816" branch="true" condition-coverage="50% (2/4)"/>
            <line number="514" hits="816" branch="false"/>
            <line number="516" hits="816" branch="false"/>
            <line number="517" hits="816" branch="false"/>
            <line number="520" hits="4" branch="false"/>
            <line number="529" hits="1" branch="false"/>
            <line number="541" hits="1" branch="false"/>
            <line number="542" hits="1" branch="false"/>
            <line number="559" hits="1" branch="false"/>
            <line number="560" hits="205" branch="true" condition-coverage="50% (1/2)"/>
            <line number="563" hits="1" branch="false"/>
            <line number="566" hits="1" branch="false"/>
            <line number="567" hits="1" branch="false"/>
            <line number="584" hits="1" branch="false"/>
            <line number="585" hits="205" branch="true" condition-coverage="50% (1/2)"/>
            <line number="588" hits="1" branch="false"/>
            <line number="591" hits="1" branch="false"/>
            <line number="592" hits="2" branch="false"/>
            <line number="606" hits="2" branch="false"/>
            <line number="609" hits="1" branch="false"/>
          </lines>
        </class>
      </classes>
    </package>
  </packages>
</coverage>
