TN:
SF:src/index.ts
FN:119,(anonymous_0)
FN:141,(anonymous_1)
FN:274,(anonymous_2)
FN:322,(anonymous_3)
FN:373,(anonymous_4)
FN:394,(anonymous_5)
FN:418,(anonymous_6)
FN:438,(anonymous_7)
FN:458,(anonymous_8)
FN:507,(anonymous_9)
FN:528,(anonymous_10)
FNF:11
FNH:11
FNDA:2,(anonymous_0)
FNDA:2,(anonymous_1)
FNDA:2,(anonymous_2)
FNDA:2,(anonymous_3)
FNDA:1709,(anonymous_4)
FNDA:6,(anonymous_5)
FNDA:4,(anonymous_6)
FNDA:816,(anonymous_7)
FNDA:4,(anonymous_8)
FNDA:4,(anonymous_9)
FNDA:1,(anonymous_10)
DA:1,1
DA:119,1
DA:120,2
DA:121,0
DA:123,2
DA:127,1
DA:130,2
DA:131,2
DA:132,2
DA:142,2
DA:144,2
DA:148,2
DA:149,2
DA:150,4
DA:151,4
DA:153,4
DA:164,4
DA:167,2
DA:168,2
DA:169,2
DA:171,2
DA:172,2
DA:184,2
DA:185,2
DA:187,2
DA:188,410
DA:191,410
DA:193,410
DA:200,410
DA:203,2
DA:205,2
DA:219,2
DA:222,2
DA:224,2
DA:225,2
DA:226,2
DA:228,2
DA:229,2
DA:230,2
DA:231,410
DA:234,410
DA:235,410
DA:242,410
DA:245,2
DA:247,2
DA:270,2
DA:275,2
DA:276,0
DA:300,2
DA:301,2
DA:313,2
DA:323,2
DA:324,0
DA:338,2
DA:339,2
DA:340,2
DA:374,1709
DA:375,1709
DA:376,1706
DA:383,3
DA:395,6
DA:396,6
DA:398,6
DA:399,4
DA:401,4
DA:402,440
DA:403,4
DA:408,6
DA:419,4
DA:420,4
DA:421,4
DA:422,816
DA:423,816
DA:425,4
DA:427,4
DA:439,816
DA:440,816
DA:441,816
DA:442,816
DA:443,816
DA:445,816
DA:446,816
DA:447,816
DA:459,4
DA:460,4
DA:462,4
DA:463,816
DA:464,816
DA:466,816
DA:467,816
DA:469,816
DA:470,368
DA:471,448
DA:472,432
DA:477,4
DA:478,4
DA:480,4
DA:481,820
DA:483,820
DA:484,820
DA:485,820
DA:486,820
DA:490,4
DA:508,4
DA:510,4
DA:511,816
DA:512,816
DA:513,816
DA:514,816
DA:516,816
DA:517,816
DA:520,4
DA:529,1
DA:541,1
DA:542,1
DA:559,1
DA:560,205
DA:563,1
DA:566,1
DA:567,1
DA:584,1
DA:585,205
DA:588,1
DA:591,1
DA:592,2
DA:606,2
DA:609,1
LF:127
LH:124
BRDA:120,0,0,0
BRDA:120,0,1,2
BRDA:120,1,0,2
BRDA:120,1,1,0
BRDA:150,2,0,4
BRDA:150,2,1,0
BRDA:156,3,0,4
BRDA:156,3,1,0
BRDA:157,4,0,4
BRDA:157,4,1,0
BRDA:158,5,0,0
BRDA:158,5,1,4
BRDA:161,6,0,0
BRDA:161,6,1,4
BRDA:172,7,0,2
BRDA:172,7,1,0
BRDA:174,8,0,2
BRDA:174,8,1,0
BRDA:189,9,0,410
BRDA:189,9,1,0
BRDA:194,10,0,410
BRDA:194,10,1,0
BRDA:195,11,0,410
BRDA:195,11,1,0
BRDA:196,12,0,0
BRDA:196,12,1,410
BRDA:197,13,0,0
BRDA:197,13,1,410
BRDA:211,14,0,2
BRDA:211,14,1,0
BRDA:232,15,0,410
BRDA:232,15,1,0
BRDA:236,16,0,410
BRDA:236,16,1,0
BRDA:237,17,0,410
BRDA:237,17,1,0
BRDA:238,18,0,0
BRDA:238,18,1,410
BRDA:239,19,0,0
BRDA:239,19,1,410
BRDA:253,20,0,2
BRDA:253,20,1,0
BRDA:254,21,0,2
BRDA:254,21,1,0
BRDA:256,22,0,2
BRDA:256,22,1,0
BRDA:275,23,0,0
BRDA:301,24,0,2
BRDA:301,24,1,0
BRDA:303,25,0,2
BRDA:303,25,1,0
BRDA:323,26,0,0
BRDA:342,27,0,2
BRDA:342,27,1,0
BRDA:344,28,0,2
BRDA:344,28,1,0
BRDA:345,29,0,2
BRDA:345,29,1,0
BRDA:351,30,0,2
BRDA:351,30,1,0
BRDA:353,31,0,2
BRDA:353,31,1,0
BRDA:375,32,0,1706
BRDA:376,33,0,1706
BRDA:376,33,1,0
BRDA:398,34,0,4
BRDA:402,35,0,4
BRDA:402,36,0,440
BRDA:402,36,1,440
BRDA:463,37,0,816
BRDA:463,37,1,0
BRDA:464,38,0,816
BRDA:464,38,1,0
BRDA:466,39,0,816
BRDA:466,40,0,816
BRDA:466,40,1,816
BRDA:469,41,0,368
BRDA:469,41,1,448
BRDA:471,42,0,432
BRDA:483,43,0,820
BRDA:484,44,0,820
BRDA:484,44,1,0
BRDA:491,45,0,4
BRDA:491,45,1,0
BRDA:492,46,0,4
BRDA:492,46,1,0
BRDA:493,47,0,4
BRDA:493,47,1,0
BRDA:494,48,0,4
BRDA:494,48,1,0
BRDA:495,49,0,4
BRDA:495,49,1,0
BRDA:513,50,0,816
BRDA:513,50,1,0
BRDA:513,51,0,816
BRDA:513,51,1,0
BRDA:560,52,0,205
BRDA:560,52,1,0
BRDA:585,53,0,205
BRDA:585,53,1,0
BRDA:596,54,0,2
BRDA:596,54,1,0
BRF:102
BRH:56
end_of_record
